0 info it worked if it ends with ok
1 verbose cli [ 'D:\\Program Files\\nodejs\\node.exe',
1 verbose cli   'D:\\Program Files\\nodejs\\node_modules\\npm\\bin\\npm-cli.js',
1 verbose cli   'start' ]
2 info using npm@3.10.10
3 info using node@v6.11.2
4 verbose run-script [ 'prestart', 'start', 'poststart' ]
5 info lifecycle angular-phonecat@0.0.0~prestart: angular-phonecat@0.0.0
6 verbose lifecycle angular-phonecat@0.0.0~prestart: unsafe-perm in lifecycle true
7 verbose lifecycle angular-phonecat@0.0.0~prestart: PATH: D:\Program Files\nodejs\node_modules\npm\bin\node-gyp-bin;E:\phonecat\node_modules\.bin;C:\ProgramData\Oracle\Java\javapath;C:\WINDOWS\system32;C:\WINDOWS;C:\WINDOWS\System32\Wbem;C:\WINDOWS\System32\WindowsPowerShell\v1.0\;C:\Program Files (x86)\ATI Technologies\ATI.ACE\Core-Static;C:\Program Files\TortoiseSVN\bin;C:\Program Files (x86)\Graphviz2.20\Bin;D:\Program Files\nodejs\;C:\work\ooxxp_home\www.ooxxp.com\PHPTutorial\php\php-5.4.45;C:\Program Files (x86)\Lua\5.1;C:\Program Files (x86)\Lua\5.1\clibs;C:\Program Files\Microsoft SQL Server\130\Tools\Binn\;C:\Program Files (x86)\GtkSharp\2.12\bin;D:\Cocos\tools\doxygen\bin;E:\Composer;D:\Cocos\cocos2d-x-3\templates;-3\tools\cocos2d-console\bin;-3\templates;-3\tools\cocos2d-console\bin;D:\Cocos\Cocos2d-x;\Cocos2d-x\Cocos2d-x-3.10\tools\cocos2d-console\bin;"\cocos2d-x-3.15.1\templates;";";";"C:\Users\61games\AppData\Local\Programs\Python\Python35\Scripts\;";"C:\Users\61games\AppData\Local\Programs\Python\Python35\;";"C:\Users\61games\AppData\Local\Microsoft\WindowsApps;";"C:\Users\61games\AppData\Roaming\Composer\vendor\bin;";"C:\Users\61games\AppData\Roaming\npm;";"C:\work\ooxxp_home\w3af;";"C:\work\ooxxp_home\www.ooxxp.com\PHPTutorial\MySQL\bin;";D:\game\vscode\Microsoft VS Code\bin;C:\Users\61games\AppData\Roaming\Composer\vendor\bin;C:\Users\61games\AppData\Local\GitHubDesktop\bin
8 verbose lifecycle angular-phonecat@0.0.0~prestart: CWD: E:\phonecat
9 silly lifecycle angular-phonecat@0.0.0~prestart: Args: [ '/d /s /c', 'npm install' ]
10 silly lifecycle angular-phonecat@0.0.0~prestart: Returned: code: 1  signal: null
11 info lifecycle angular-phonecat@0.0.0~prestart: Failed to exec prestart script
12 verbose stack Error: angular-phonecat@0.0.0 prestart: `npm install`
12 verbose stack Exit status 1
12 verbose stack     at EventEmitter.<anonymous> (D:\Program Files\nodejs\node_modules\npm\lib\utils\lifecycle.js:255:16)
12 verbose stack     at emitTwo (events.js:106:13)
12 verbose stack     at EventEmitter.emit (events.js:191:7)
12 verbose stack     at ChildProcess.<anonymous> (D:\Program Files\nodejs\node_modules\npm\lib\utils\spawn.js:40:14)
12 verbose stack     at emitTwo (events.js:106:13)
12 verbose stack     at ChildProcess.emit (events.js:191:7)
12 verbose stack     at maybeClose (internal/child_process.js:891:16)
12 verbose stack     at Process.ChildProcess._handle.onexit (internal/child_process.js:226:5)
13 verbose pkgid angular-phonecat@0.0.0
14 verbose cwd E:\phonecat
15 error Windows_NT 10.0.15063
16 error argv "D:\\Program Files\\nodejs\\node.exe" "D:\\Program Files\\nodejs\\node_modules\\npm\\bin\\npm-cli.js" "start"
17 error node v6.11.2
18 error npm  v3.10.10
19 error code ELIFECYCLE
20 error angular-phonecat@0.0.0 prestart: `npm install`
20 error Exit status 1
21 error Failed at the angular-phonecat@0.0.0 prestart script 'npm install'.
21 error Make sure you have the latest version of node.js and npm installed.
21 error If you do, this is most likely a problem with the angular-phonecat package,
21 error not with npm itself.
21 error Tell the author that this fails on your system:
21 error     npm install
21 error You can get information on how to open an issue for this project with:
21 error     npm bugs angular-phonecat
21 error Or if that isn't available, you can get their info via:
21 error     npm owner ls angular-phonecat
21 error There is likely additional logging output above.
22 verbose exit [ 1, true ]
